2015-08-18 14:46:36,555 INFO  [main] yarn.GiraphApplicationMaster (GiraphApplicationMaster.java:main(428)) - Starting GitaphAM 
2015-08-18 14:46:36,560 INFO  [main] yarn.GiraphApplicationMaster (GiraphApplicationMaster.java:main(429)) - Granular InfoName:ResponseTime InfoValue:1439901996558 Timestamp:1439901996558 RecordUuid:6018219114593423995 OperationUuid:7543636876739157375 ActorType:AppMaster ActorId:Id.Unique MissionType:AppStartup MissionId:Id.Unique ParentDescriptor:UniqueParent
2015-08-18 14:46:37,826 INFO  [main] yarn.GiraphApplicationMaster (GiraphApplicationMaster.java:<init>(169)) - GiraphAM  for ContainerId container_1439901900213_0001_01_000001 ApplicationAttemptId appattempt_1439901900213_0001_000001
2015-08-18 14:46:37,868 INFO  [main] client.RMProxy (RMProxy.java:createRMProxy(92)) - Connecting to ResourceManager at /10.149.3.5:8030
2015-08-18 14:46:37,900 INFO  [main] impl.NMClientAsyncImpl (NMClientAsyncImpl.java:serviceInit(107)) - Upper bound of the thread pool size is 500
2015-08-18 14:46:37,901 INFO  [main] impl.ContainerManagementProtocolProxy (ContainerManagementProtocolProxy.java:<init>(78)) - yarn.client.max-nodemanagers-proxies : 500
2015-08-18 14:46:38,056 INFO  [main] yarn.GiraphApplicationMaster (GiraphApplicationMaster.java:madeAllContainerRequestToRM(249)) - Granular InfoName:EndTime InfoValue:1439901998056 Timestamp:1439901998056 RecordUuid:5317610023538290699 OperationUuid:7543636876739157375 ActorType:AppMaster ActorId:Id.Unique MissionType:AppStartup MissionId:Id.Unique ParentDescriptor:UniqueParent
2015-08-18 14:46:38,056 INFO  [main] yarn.GiraphApplicationMaster (GiraphApplicationMaster.java:madeAllContainerRequestToRM(250)) - Granular InfoName:StartTime InfoValue:1439901998056 Timestamp:1439901998056 RecordUuid:8827934712872146136 OperationUuid:8484174075219371260 ActorType:AppMaster ActorId:Id.Unique MissionType:ContainerAssignment MissionId:Id.Unique ParentDescriptor:UniqueParent
2015-08-18 14:46:38,057 INFO  [main] yarn.GiraphApplicationMaster (GiraphApplicationMaster.java:madeAllContainerRequestToRM(257)) - Granular InfoName:NumContainers InfoValue:5 Timestamp:1439901998057 RecordUuid:7052385876921365936 OperationUuid:8484174075219371260 ActorType:AppMaster ActorId:Id.Unique MissionType:ContainerAssignment MissionId:Id.Unique ParentDescriptor:UniqueParent
2015-08-18 14:46:38,057 INFO  [main] yarn.GiraphApplicationMaster (GiraphApplicationMaster.java:madeAllContainerRequestToRM(258)) - Granular InfoName:ContainerHeapSize InfoValue:12000 Timestamp:1439901998057 RecordUuid:8259278216438180309 OperationUuid:8484174075219371260 ActorType:AppMaster ActorId:Id.Unique MissionType:ContainerAssignment MissionId:Id.Unique ParentDescriptor:UniqueParent
2015-08-18 14:46:38,062 INFO  [main] yarn.GiraphApplicationMaster (GiraphApplicationMaster.java:setupContainerAskForRM(285)) - Requested container ask: Capability[<memory:12000, vCores:0>]Priority[10]
2015-08-18 14:46:38,069 INFO  [main] yarn.GiraphApplicationMaster (GiraphApplicationMaster.java:setupContainerAskForRM(285)) - Requested container ask: Capability[<memory:12000, vCores:0>]Priority[10]
2015-08-18 14:46:38,069 INFO  [main] yarn.GiraphApplicationMaster (GiraphApplicationMaster.java:setupContainerAskForRM(285)) - Requested container ask: Capability[<memory:12000, vCores:0>]Priority[10]
2015-08-18 14:46:38,069 INFO  [main] yarn.GiraphApplicationMaster (GiraphApplicationMaster.java:setupContainerAskForRM(285)) - Requested container ask: Capability[<memory:12000, vCores:0>]Priority[10]
2015-08-18 14:46:38,069 INFO  [main] yarn.GiraphApplicationMaster (GiraphApplicationMaster.java:setupContainerAskForRM(285)) - Requested container ask: Capability[<memory:12000, vCores:0>]Priority[10]
2015-08-18 14:46:38,070 INFO  [main] yarn.GiraphApplicationMaster (GiraphApplicationMaster.java:run(186)) - Wait to finish ..
2015-08-18 14:46:40,114 INFO  [AMRM Heartbeater thread] impl.AMRMClientImpl (AMRMClientImpl.java:populateNMTokens(299)) - Received new token for : node329.cm.cluster:53096
2015-08-18 14:46:40,114 INFO  [AMRM Heartbeater thread] impl.AMRMClientImpl (AMRMClientImpl.java:populateNMTokens(299)) - Received new token for : node325.cm.cluster:45100
2015-08-18 14:46:40,114 INFO  [AMRM Heartbeater thread] impl.AMRMClientImpl (AMRMClientImpl.java:populateNMTokens(299)) - Received new token for : node330.cm.cluster:45433
2015-08-18 14:46:40,114 INFO  [AMRM Heartbeater thread] impl.AMRMClientImpl (AMRMClientImpl.java:populateNMTokens(299)) - Received new token for : node307.cm.cluster:60129
2015-08-18 14:46:40,115 INFO  [AMRM Heartbeater thread] impl.AMRMClientImpl (AMRMClientImpl.java:populateNMTokens(299)) - Received new token for : node327.cm.cluster:48884
2015-08-18 14:46:40,116 INFO  [AMRM Callback Handler Thread] yarn.GiraphApplicationMaster (GiraphApplicationMaster.java:onContainersAllocated(614)) - Got response from RM for container ask, allocatedCnt=5
2015-08-18 14:46:40,116 INFO  [AMRM Callback Handler Thread] yarn.GiraphApplicationMaster (GiraphApplicationMaster.java:onContainersAllocated(617)) - Total allocated # of container so far : 5 allocated out of 5 required.
2015-08-18 14:46:40,117 INFO  [AMRM Callback Handler Thread] yarn.GiraphApplicationMaster (GiraphApplicationMaster.java:onContainersAllocated(622)) - Granular InfoName:ContainersLoaded InfoValue:5 Timestamp:1439902000116 RecordUuid:5627041388853318371 OperationUuid:8484174075219371260 ActorType:AppMaster ActorId:Id.Unique MissionType:ContainerAssignment MissionId:Id.Unique ParentDescriptor:UniqueParent
2015-08-18 14:46:40,117 INFO  [AMRM Callback Handler Thread] yarn.GiraphApplicationMaster (GiraphApplicationMaster.java:onContainersAllocated(624)) - Granular InfoName:EndTime InfoValue:1439902000117 Timestamp:1439902000117 RecordUuid:7299492020616021992 OperationUuid:8484174075219371260 ActorType:AppMaster ActorId:Id.Unique MissionType:ContainerAssignment MissionId:Id.Unique ParentDescriptor:UniqueParent
2015-08-18 14:46:40,118 INFO  [AMRM Callback Handler Thread] yarn.GiraphApplicationMaster (GiraphApplicationMaster.java:startContainerLaunchingThreads(365)) - Launching command on a new container., containerId=container_1439901900213_0001_01_000002, containerNode=node329.cm.cluster:53096, containerNodeURI=node329.cm.cluster:8042, containerResourceMemory=12288
2015-08-18 14:46:40,119 INFO  [AMRM Callback Handler Thread] yarn.GiraphApplicationMaster (GiraphApplicationMaster.java:startContainerLaunchingThreads(365)) - Launching command on a new container., containerId=container_1439901900213_0001_01_000003, containerNode=node325.cm.cluster:45100, containerNodeURI=node325.cm.cluster:8042, containerResourceMemory=12288
2015-08-18 14:46:40,119 INFO  [pool-4-thread-1] yarn.GiraphApplicationMaster (GiraphApplicationMaster.java:buildContainerLaunchContext(501)) - Setting up container launch container for containerid=container_1439901900213_0001_01_000002
2015-08-18 14:46:40,119 INFO  [AMRM Callback Handler Thread] yarn.GiraphApplicationMaster (GiraphApplicationMaster.java:startContainerLaunchingThreads(365)) - Launching command on a new container., containerId=container_1439901900213_0001_01_000004, containerNode=node330.cm.cluster:45433, containerNodeURI=node330.cm.cluster:8042, containerResourceMemory=12288
2015-08-18 14:46:40,120 INFO  [pool-4-thread-2] yarn.GiraphApplicationMaster (GiraphApplicationMaster.java:buildContainerLaunchContext(501)) - Setting up container launch container for containerid=container_1439901900213_0001_01_000003
2015-08-18 14:46:40,120 INFO  [AMRM Callback Handler Thread] yarn.GiraphApplicationMaster (GiraphApplicationMaster.java:startContainerLaunchingThreads(365)) - Launching command on a new container., containerId=container_1439901900213_0001_01_000005, containerNode=node307.cm.cluster:60129, containerNodeURI=node307.cm.cluster:8042, containerResourceMemory=12288
2015-08-18 14:46:40,120 INFO  [pool-4-thread-3] yarn.GiraphApplicationMaster (GiraphApplicationMaster.java:buildContainerLaunchContext(501)) - Setting up container launch container for containerid=container_1439901900213_0001_01_000004
2015-08-18 14:46:40,120 INFO  [AMRM Callback Handler Thread] yarn.GiraphApplicationMaster (GiraphApplicationMaster.java:startContainerLaunchingThreads(365)) - Launching command on a new container., containerId=container_1439901900213_0001_01_000006, containerNode=node327.cm.cluster:48884, containerNodeURI=node327.cm.cluster:8042, containerResourceMemory=12288
2015-08-18 14:46:40,141 INFO  [pool-4-thread-4] yarn.GiraphApplicationMaster (GiraphApplicationMaster.java:buildContainerLaunchContext(501)) - Setting up container launch container for containerid=container_1439901900213_0001_01_000005
2015-08-18 14:46:40,141 INFO  [pool-4-thread-5] yarn.GiraphApplicationMaster (GiraphApplicationMaster.java:buildContainerLaunchContext(501)) - Setting up container launch container for containerid=container_1439901900213_0001_01_000006
2015-08-18 14:46:40,153 INFO  [pool-4-thread-1] yarn.GiraphApplicationMaster (GiraphApplicationMaster.java:buildContainerLaunchContext(507)) - Conatain launch Commands :java -Xmx12000M -Xms12000M -cp .:${CLASSPATH} org.apache.giraph.yarn.GiraphYarnTask 1439901900213 1 2 1 1><LOG_DIR>/task-2-stdout.log 2><LOG_DIR>/task-2-stderr.log 
2015-08-18 14:46:40,153 INFO  [pool-4-thread-4] yarn.GiraphApplicationMaster (GiraphApplicationMaster.java:buildContainerLaunchContext(507)) - Conatain launch Commands :java -Xmx12000M -Xms12000M -cp .:${CLASSPATH} org.apache.giraph.yarn.GiraphYarnTask 1439901900213 1 5 1 1><LOG_DIR>/task-5-stdout.log 2><LOG_DIR>/task-5-stderr.log 
2015-08-18 14:46:40,153 INFO  [pool-4-thread-2] yarn.GiraphApplicationMaster (GiraphApplicationMaster.java:buildContainerLaunchContext(507)) - Conatain launch Commands :java -Xmx12000M -Xms12000M -cp .:${CLASSPATH} org.apache.giraph.yarn.GiraphYarnTask 1439901900213 1 3 1 1><LOG_DIR>/task-3-stdout.log 2><LOG_DIR>/task-3-stderr.log 
2015-08-18 14:46:40,153 INFO  [pool-4-thread-5] yarn.GiraphApplicationMaster (GiraphApplicationMaster.java:buildContainerLaunchContext(507)) - Conatain launch Commands :java -Xmx12000M -Xms12000M -cp .:${CLASSPATH} org.apache.giraph.yarn.GiraphYarnTask 1439901900213 1 6 1 1><LOG_DIR>/task-6-stdout.log 2><LOG_DIR>/task-6-stderr.log 
2015-08-18 14:46:40,153 INFO  [pool-4-thread-3] yarn.GiraphApplicationMaster (GiraphApplicationMaster.java:buildContainerLaunchContext(507)) - Conatain launch Commands :java -Xmx12000M -Xms12000M -cp .:${CLASSPATH} org.apache.giraph.yarn.GiraphYarnTask 1439901900213 1 4 1 1><LOG_DIR>/task-4-stdout.log 2><LOG_DIR>/task-4-stderr.log 
2015-08-18 14:46:40,153 INFO  [pool-4-thread-1] yarn.GiraphApplicationMaster (GiraphApplicationMaster.java:buildContainerLaunchContext(527)) - Setting username in ContainerLaunchContext to: wlngai
2015-08-18 14:46:40,153 INFO  [pool-4-thread-5] yarn.GiraphApplicationMaster (GiraphApplicationMaster.java:buildContainerLaunchContext(527)) - Setting username in ContainerLaunchContext to: wlngai
2015-08-18 14:46:40,154 INFO  [pool-4-thread-4] yarn.GiraphApplicationMaster (GiraphApplicationMaster.java:buildContainerLaunchContext(527)) - Setting username in ContainerLaunchContext to: wlngai
2015-08-18 14:46:40,154 INFO  [pool-4-thread-3] yarn.GiraphApplicationMaster (GiraphApplicationMaster.java:buildContainerLaunchContext(527)) - Setting username in ContainerLaunchContext to: wlngai
2015-08-18 14:46:40,154 INFO  [pool-4-thread-2] yarn.GiraphApplicationMaster (GiraphApplicationMaster.java:buildContainerLaunchContext(527)) - Setting username in ContainerLaunchContext to: wlngai
2015-08-18 14:46:40,599 INFO  [pool-4-thread-5] yarn.YarnUtils (YarnUtils.java:addFsResourcesToMap(72)) - Adding giraph-1.1.0-for-hadoop-2.4.1-jar-with-dependencies.jar to LocalResources for export.to hdfs://10.149.3.5:8020/user/wlngai/giraph_yarn_jar_cache/application_1439901900213_0001/giraph-1.1.0-for-hadoop-2.4.1-jar-with-dependencies.jar
2015-08-18 14:46:40,640 INFO  [pool-4-thread-5] yarn.YarnUtils (YarnUtils.java:addFileToResourceMap(160)) - Registered file in LocalResources :: hdfs://10.149.3.5:8020/user/wlngai/giraph_yarn_jar_cache/application_1439901900213_0001/giraph-1.1.0-for-hadoop-2.4.1-jar-with-dependencies.jar
2015-08-18 14:46:40,640 INFO  [pool-4-thread-5] yarn.YarnUtils (YarnUtils.java:addFsResourcesToMap(72)) - Adding Giraph_Jobs-1.0.jar to LocalResources for export.to hdfs://10.149.3.5:8020/user/wlngai/giraph_yarn_jar_cache/application_1439901900213_0001/Giraph_Jobs-1.0.jar
2015-08-18 14:46:40,642 INFO  [pool-4-thread-5] yarn.YarnUtils (YarnUtils.java:addFileToResourceMap(160)) - Registered file in LocalResources :: hdfs://10.149.3.5:8020/user/wlngai/giraph_yarn_jar_cache/application_1439901900213_0001/Giraph_Jobs-1.0.jar
2015-08-18 14:46:40,642 WARN  [pool-4-thread-5] yarn.YarnUtils (YarnUtils.java:addFsResourcesToMap(81)) - Job jars (-yj option) didn't include giraph-core.
2015-08-18 14:46:40,644 INFO  [pool-4-thread-5] yarn.YarnUtils (YarnUtils.java:addFileToResourceMap(160)) - Registered file in LocalResources :: hdfs://10.149.3.5:8020/user/wlngai/giraph_yarn_jar_cache/application_1439901900213_0001/giraph-conf.xml
2015-08-18 14:46:40,657 INFO  [org.apache.hadoop.yarn.client.api.async.impl.NMClientAsyncImpl #0] impl.NMClientAsyncImpl (NMClientAsyncImpl.java:run(531)) - Processing Event EventType: START_CONTAINER for Container container_1439901900213_0001_01_000006
2015-08-18 14:46:40,658 INFO  [org.apache.hadoop.yarn.client.api.async.impl.NMClientAsyncImpl #1] impl.NMClientAsyncImpl (NMClientAsyncImpl.java:run(531)) - Processing Event EventType: START_CONTAINER for Container container_1439901900213_0001_01_000004
2015-08-18 14:46:40,658 INFO  [org.apache.hadoop.yarn.client.api.async.impl.NMClientAsyncImpl #2] impl.NMClientAsyncImpl (NMClientAsyncImpl.java:run(531)) - Processing Event EventType: START_CONTAINER for Container container_1439901900213_0001_01_000005
2015-08-18 14:46:40,658 INFO  [org.apache.hadoop.yarn.client.api.async.impl.NMClientAsyncImpl #3] impl.NMClientAsyncImpl (NMClientAsyncImpl.java:run(531)) - Processing Event EventType: START_CONTAINER for Container container_1439901900213_0001_01_000003
2015-08-18 14:46:40,658 INFO  [org.apache.hadoop.yarn.client.api.async.impl.NMClientAsyncImpl #4] impl.NMClientAsyncImpl (NMClientAsyncImpl.java:run(531)) - Processing Event EventType: START_CONTAINER for Container container_1439901900213_0001_01_000002
2015-08-18 14:46:40,660 INFO  [org.apache.hadoop.yarn.client.api.async.impl.NMClientAsyncImpl #1] impl.ContainerManagementProtocolProxy (ContainerManagementProtocolProxy.java:newProxy(212)) - Opening proxy : node330.cm.cluster:45433
2015-08-18 14:46:40,675 INFO  [org.apache.hadoop.yarn.client.api.async.impl.NMClientAsyncImpl #0] impl.ContainerManagementProtocolProxy (ContainerManagementProtocolProxy.java:newProxy(212)) - Opening proxy : node327.cm.cluster:48884
2015-08-18 14:46:40,677 INFO  [org.apache.hadoop.yarn.client.api.async.impl.NMClientAsyncImpl #2] impl.ContainerManagementProtocolProxy (ContainerManagementProtocolProxy.java:newProxy(212)) - Opening proxy : node307.cm.cluster:60129
2015-08-18 14:46:40,678 INFO  [org.apache.hadoop.yarn.client.api.async.impl.NMClientAsyncImpl #3] impl.ContainerManagementProtocolProxy (ContainerManagementProtocolProxy.java:newProxy(212)) - Opening proxy : node325.cm.cluster:45100
2015-08-18 14:46:40,680 INFO  [org.apache.hadoop.yarn.client.api.async.impl.NMClientAsyncImpl #4] impl.ContainerManagementProtocolProxy (ContainerManagementProtocolProxy.java:newProxy(212)) - Opening proxy : node329.cm.cluster:53096
2015-08-18 14:46:40,712 INFO  [org.apache.hadoop.yarn.client.api.async.impl.NMClientAsyncImpl #5] impl.NMClientAsyncImpl (NMClientAsyncImpl.java:run(531)) - Processing Event EventType: QUERY_CONTAINER for Container container_1439901900213_0001_01_000005
2015-08-18 14:46:40,888 INFO  [org.apache.hadoop.yarn.client.api.async.impl.NMClientAsyncImpl #6] impl.NMClientAsyncImpl (NMClientAsyncImpl.java:run(531)) - Processing Event EventType: QUERY_CONTAINER for Container container_1439901900213_0001_01_000006
2015-08-18 14:46:40,888 INFO  [org.apache.hadoop.yarn.client.api.async.impl.NMClientAsyncImpl #7] impl.NMClientAsyncImpl (NMClientAsyncImpl.java:run(531)) - Processing Event EventType: QUERY_CONTAINER for Container container_1439901900213_0001_01_000002
2015-08-18 14:46:40,890 INFO  [org.apache.hadoop.yarn.client.api.async.impl.NMClientAsyncImpl #8] impl.NMClientAsyncImpl (NMClientAsyncImpl.java:run(531)) - Processing Event EventType: QUERY_CONTAINER for Container container_1439901900213_0001_01_000003
2015-08-18 14:46:40,891 INFO  [org.apache.hadoop.yarn.client.api.async.impl.NMClientAsyncImpl #9] impl.NMClientAsyncImpl (NMClientAsyncImpl.java:run(531)) - Processing Event EventType: QUERY_CONTAINER for Container container_1439901900213_0001_01_000004
2015-08-18 14:47:10,205 INFO  [AMRM Callback Handler Thread] yarn.GiraphApplicationMaster (GiraphApplicationMaster.java:onContainersCompleted(580)) - Got response from RM for container ask, completedCnt=4
2015-08-18 14:47:10,205 INFO  [AMRM Callback Handler Thread] yarn.GiraphApplicationMaster (GiraphApplicationMaster.java:onContainersCompleted(583)) - Got container status for containerID=container_1439901900213_0001_01_000002, state=COMPLETE, exitStatus=0, diagnostics=
2015-08-18 14:47:10,206 INFO  [AMRM Callback Handler Thread] yarn.GiraphApplicationMaster (GiraphApplicationMaster.java:onContainersCompleted(583)) - Got container status for containerID=container_1439901900213_0001_01_000003, state=COMPLETE, exitStatus=0, diagnostics=
2015-08-18 14:47:10,206 INFO  [AMRM Callback Handler Thread] yarn.GiraphApplicationMaster (GiraphApplicationMaster.java:onContainersCompleted(583)) - Got container status for containerID=container_1439901900213_0001_01_000004, state=COMPLETE, exitStatus=0, diagnostics=
2015-08-18 14:47:10,206 INFO  [AMRM Callback Handler Thread] yarn.GiraphApplicationMaster (GiraphApplicationMaster.java:onContainersCompleted(583)) - Got container status for containerID=container_1439901900213_0001_01_000006, state=COMPLETE, exitStatus=0, diagnostics=
2015-08-18 14:47:10,206 INFO  [AMRM Callback Handler Thread] yarn.GiraphApplicationMaster (GiraphApplicationMaster.java:onContainersCompleted(605)) - After completion of one conatiner. current status is: completedCount :4 containersToLaunch :5 successfulCount :4 failedCount :0
2015-08-18 14:47:13,214 INFO  [AMRM Callback Handler Thread] yarn.GiraphApplicationMaster (GiraphApplicationMaster.java:onContainersCompleted(580)) - Got response from RM for container ask, completedCnt=1
2015-08-18 14:47:13,214 INFO  [AMRM Callback Handler Thread] yarn.GiraphApplicationMaster (GiraphApplicationMaster.java:onContainersCompleted(583)) - Got container status for containerID=container_1439901900213_0001_01_000005, state=COMPLETE, exitStatus=0, diagnostics=
2015-08-18 14:47:13,214 INFO  [AMRM Callback Handler Thread] yarn.GiraphApplicationMaster (GiraphApplicationMaster.java:onContainersCompleted(603)) - All container compeleted. done = true
2015-08-18 14:47:13,292 INFO  [main] yarn.GiraphApplicationMaster (GiraphApplicationMaster.java:run(195)) - Done true
2015-08-18 14:47:13,292 INFO  [main] yarn.GiraphApplicationMaster (GiraphApplicationMaster.java:run(197)) - Granular InfoName:StartTime InfoValue:1439902033292 Timestamp:1439902033292 RecordUuid:8809363405888709403 OperationUuid:8374243395050342833 ActorType:AppMaster ActorId:Id.Unique MissionType:AppTermination MissionId:Id.Unique ParentDescriptor:UniqueParent
2015-08-18 14:47:13,292 INFO  [main] yarn.GiraphApplicationMaster (GiraphApplicationMaster.java:run(200)) - Forcefully terminating executors with done =:true
2015-08-18 14:47:13,292 INFO  [main] yarn.GiraphApplicationMaster (GiraphApplicationMaster.java:finish(214)) - Application completed. Stopping running containers
2015-08-18 14:47:13,383 INFO  [main] impl.ContainerManagementProtocolProxy (ContainerManagementProtocolProxy.java:mayBeCloseProxy(145)) - Closing proxy : node325.cm.cluster:45100
2015-08-18 14:47:13,384 INFO  [main] impl.ContainerManagementProtocolProxy (ContainerManagementProtocolProxy.java:mayBeCloseProxy(145)) - Closing proxy : node327.cm.cluster:48884
2015-08-18 14:47:13,384 INFO  [main] impl.ContainerManagementProtocolProxy (ContainerManagementProtocolProxy.java:mayBeCloseProxy(145)) - Closing proxy : node307.cm.cluster:60129
2015-08-18 14:47:13,384 INFO  [main] impl.ContainerManagementProtocolProxy (ContainerManagementProtocolProxy.java:mayBeCloseProxy(145)) - Closing proxy : node329.cm.cluster:53096
2015-08-18 14:47:13,384 INFO  [main] impl.ContainerManagementProtocolProxy (ContainerManagementProtocolProxy.java:mayBeCloseProxy(145)) - Closing proxy : node330.cm.cluster:45433
2015-08-18 14:47:13,384 INFO  [main] yarn.GiraphApplicationMaster (GiraphApplicationMaster.java:finish(219)) - Application completed. Signalling finish to RM
2015-08-18 14:47:13,397 INFO  [main] impl.AMRMClientImpl (AMRMClientImpl.java:unregisterApplicationMaster(321)) - Waiting for application to be successfully unregistered.
2015-08-18 14:47:13,500 INFO  [main] yarn.GiraphApplicationMaster (GiraphApplicationMaster.java:main(450)) - Giraph Application Master completed successfully. exiting
2015-08-18 14:47:13,500 INFO  [main] yarn.GiraphApplicationMaster (GiraphApplicationMaster.java:main(451)) - Granular InfoName:ResponseTime InfoValue:1439902033500 Timestamp:1439902033500 RecordUuid:7461502616214090500 OperationUuid:8374243395050342833 ActorType:AppMaster ActorId:Id.Unique MissionType:AppTermination MissionId:Id.Unique ParentDescriptor:UniqueParent
2015-08-18 14:47:13,500 INFO  [AMRM Callback Handler Thread] impl.AMRMClientAsyncImpl (AMRMClientAsyncImpl.java:run(277)) - Interrupted while waiting for queue
java.lang.InterruptedException
	at java.util.concurrent.locks.AbstractQueuedSynchronizer$ConditionObject.reportInterruptAfterWait(AbstractQueuedSynchronizer.java:2017)
	at java.util.concurrent.locks.AbstractQueuedSynchronizer$ConditionObject.await(AbstractQueuedSynchronizer.java:2052)
	at java.util.concurrent.LinkedBlockingQueue.take(LinkedBlockingQueue.java:442)
	at org.apache.hadoop.yarn.client.api.async.impl.AMRMClientAsyncImpl$CallbackHandlerThread.run(AMRMClientAsyncImpl.java:275)
